This file contains any messages produced by compilers while
running configure, to aid debugging if configure makes a mistake.

It was created by gc configure 8.2.2, which was
generated by GNU Autoconf 2.71.  Invocation command line was

  $ ./configure

## --------- ##
## Platform. ##
## --------- ##

hostname = 29708c28ab45
uname -m = x86_64
uname -r = 5.10.0-20-amd64
uname -s = Linux
uname -v = #1 SMP Debian 5.10.158-2 (2022-12-13)

/usr/bin/uname -p = unknown
/bin/uname -X     = unknown

/bin/arch              = unknown
/usr/bin/arch -k       = unknown
/usr/convex/getsysinfo = unknown
/usr/bin/hostinfo      = unknown
/bin/machine           = unknown
/usr/bin/oslevel       = unknown
/bin/universe          = unknown

PATH: /home/funkytaiga/.vscode-server/bin/f1b07bd25dfad64b0167beb15359ae573aecd2cc/bin/remote-cli/
PATH: /usr/local/sbin/
PATH: /usr/local/bin/
PATH: /usr/sbin/
PATH: /usr/bin/
PATH: /sbin/
PATH: /bin/
PATH: /usr/lib/jvm/java-1.17.0-openjdk-amd64/bin/
PATH: /usr/lib/jvm/java-1.17.0-openjdk-amd64/bin/


## ----------- ##
## Core tests. ##
## ----------- ##

configure:2917: looking for aux files: ltmain.sh compile missing install-sh config.guess config.sub
configure:2930:  trying ./
configure:2959:   ./ltmain.sh found
configure:2959:   ./compile found
configure:2959:   ./missing found
configure:2941:   ./install-sh found
configure:2959:   ./config.guess found
configure:2959:   ./config.sub found
configure:3080: checking build system type
configure:3095: result: x86_64-pc-linux-gnu
configure:3115: checking host system type
configure:3129: result: x86_64-pc-linux-gnu
configure:3149: checking target system type
configure:3163: result: x86_64-pc-linux-gnu
configure:3191: checking GC version numbers
configure:3215: result: major=8 minor=2                 micro=2
configure:3237: checking for a BSD-compatible install
configure:3310: result: /usr/bin/install -c
configure:3321: checking whether build environment is sane
configure:3376: result: yes
configure:3535: checking for a race-free mkdir -p
configure:3579: result: /bin/mkdir -p
configure:3586: checking for gawk
configure:3621: result: no
configure:3586: checking for mawk
configure:3607: found /usr/bin/mawk
configure:3618: result: mawk
configure:3629: checking whether make sets $(MAKE)
configure:3652: result: yes
configure:3682: checking whether make supports nested variables
configure:3700: result: yes
configure:3839: checking whether to enable maintainer-specific portions of Makefiles
configure:3849: result: no
configure:3879: checking whether make supports the include directive
configure:3894: make -f confmf.GNU && cat confinc.out
this is the am__doit target
configure:3897: $? = 0
configure:3916: result: yes (GNU style)
configure:3992: checking for gcc
configure:4013: found /usr/bin/gcc
configure:4024: result: gcc
configure:4377: checking for C compiler version
configure:4386: gcc --version >&5
gcc (Debian 10.2.1-6) 10.2.1 20210110
Copyright (C) 2020 Free Software Foundation, Inc.
This is free software; see the source for copying conditions.  There is NO
warranty; not even for MERCHANTABILITY or FITNESS FOR A PARTICULAR PURPOSE.

configure:4397: $? = 0
configure:4386: gcc -v >&5
Using built-in specs.
COLLECT_GCC=gcc
COLLECT_LTO_WRAPPER=/usr/lib/gcc/x86_64-linux-gnu/10/lto-wrapper
OFFLOAD_TARGET_NAMES=nvptx-none:amdgcn-amdhsa:hsa
OFFLOAD_TARGET_DEFAULT=1
Target: x86_64-linux-gnu
Configured with: ../src/configure -v --with-pkgversion='Debian 10.2.1-6' --with-bugurl=file:///usr/share/doc/gcc-10/README.Bugs --enable-languages=c,ada,c++,go,brig,d,fortran,objc,obj-c++,m2 --prefix=/usr --with-gcc-major-version-only --program-suffix=-10 --program-prefix=x86_64-linux-gnu- --enable-shared --enable-linker-build-id --libexecdir=/usr/lib --without-included-gettext --enable-threads=posix --libdir=/usr/lib --enable-nls --enable-bootstrap --enable-clocale=gnu --enable-libstdcxx-debug --enable-libstdcxx-time=yes --with-default-libstdcxx-abi=new --enable-gnu-unique-object --disable-vtable-verify --enable-plugin --enable-default-pie --with-system-zlib --enable-libphobos-checking=release --with-target-system-zlib=auto --enable-objc-gc=auto --enable-multiarch --disable-werror --with-arch-32=i686 --with-abi=m64 --with-multilib-list=m32,m64,mx32 --enable-multilib --with-tune=generic --enable-offload-targets=nvptx-none=/build/gcc-10-Km9U7s/gcc-10-10.2.1/debian/tmp-nvptx/usr,amdgcn-amdhsa=/build/gcc-10-Km9U7s/gcc-10-10.2.1/debian/tmp-gcn/usr,hsa --without-cuda-driver --enable-checking=release --build=x86_64-linux-gnu --host=x86_64-linux-gnu --target=x86_64-linux-gnu --with-build-config=bootstrap-lto-lean --enable-link-mutex
Thread model: posix
Supported LTO compression algorithms: zlib zstd
gcc version 10.2.1 20210110 (Debian 10.2.1-6) 
... rest of stderr output deleted ...
configure:4397: $? = 0
configure:4386: gcc -V >&5
gcc: error: unrecognized command-line option '-V'
gcc: fatal error: no input files
compilation terminated.
configure:4397: $? = 1
configure:4386: gcc -qversion >&5
gcc: error: unrecognized command-line option '-qversion'; did you mean '--version'?
gcc: fatal error: no input files
compilation terminated.
configure:4397: $? = 1
configure:4386: gcc -version >&5
gcc: error: unrecognized command-line option '-version'
gcc: fatal error: no input files
compilation terminated.
configure:4397: $? = 1
configure:4417: checking whether the C compiler works
configure:4439: gcc    conftest.c  >&5
configure:4443: $? = 0
configure:4493: result: yes
configure:4496: checking for C compiler default output file name
configure:4498: result: a.out
configure:4504: checking for suffix of executables
configure:4511: gcc -o conftest    conftest.c  >&5
configure:4515: $? = 0
configure:4538: result: 
configure:4560: checking whether we are cross compiling
configure:4568: gcc -o conftest    conftest.c  >&5
configure:4572: $? = 0
configure:4579: ./conftest
configure:4583: $? = 0
configure:4598: result: no
configure:4603: checking for suffix of object files
configure:4626: gcc -c   conftest.c >&5
configure:4630: $? = 0
configure:4652: result: o
configure:4656: checking whether the compiler supports GNU C
configure:4676: gcc -c   conftest.c >&5
configure:4676: $? = 0
configure:4686: result: yes
configure:4697: checking whether gcc accepts -g
configure:4718: gcc -c -g  conftest.c >&5
configure:4718: $? = 0
configure:4762: result: yes
configure:4782: checking for gcc option to enable C11 features
configure:4797: gcc  -c -g -O2  conftest.c >&5
configure:4797: $? = 0
configure:4815: result: none needed
configure:4931: checking whether gcc understands -c and -o together
configure:4954: gcc -c conftest.c -o conftest2.o
configure:4957: $? = 0
configure:4954: gcc -c conftest.c -o conftest2.o
configure:4957: $? = 0
configure:4969: result: yes
configure:4988: checking dependency style of gcc
configure:5100: result: gcc3
configure:5185: checking for g++
configure:5206: found /usr/bin/g++
configure:5217: result: g++
configure:5244: checking for C++ compiler version
configure:5253: g++ --version >&5
g++ (Debian 10.2.1-6) 10.2.1 20210110
Copyright (C) 2020 Free Software Foundation, Inc.
This is free software; see the source for copying conditions.  There is NO
warranty; not even for MERCHANTABILITY or FITNESS FOR A PARTICULAR PURPOSE.

configure:5264: $? = 0
configure:5253: g++ -v >&5
Using built-in specs.
COLLECT_GCC=g++
COLLECT_LTO_WRAPPER=/usr/lib/gcc/x86_64-linux-gnu/10/lto-wrapper
OFFLOAD_TARGET_NAMES=nvptx-none:amdgcn-amdhsa:hsa
OFFLOAD_TARGET_DEFAULT=1
Target: x86_64-linux-gnu
Configured with: ../src/configure -v --with-pkgversion='Debian 10.2.1-6' --with-bugurl=file:///usr/share/doc/gcc-10/README.Bugs --enable-languages=c,ada,c++,go,brig,d,fortran,objc,obj-c++,m2 --prefix=/usr --with-gcc-major-version-only --program-suffix=-10 --program-prefix=x86_64-linux-gnu- --enable-shared --enable-linker-build-id --libexecdir=/usr/lib --without-included-gettext --enable-threads=posix --libdir=/usr/lib --enable-nls --enable-bootstrap --enable-clocale=gnu --enable-libstdcxx-debug --enable-libstdcxx-time=yes --with-default-libstdcxx-abi=new --enable-gnu-unique-object --disable-vtable-verify --enable-plugin --enable-default-pie --with-system-zlib --enable-libphobos-checking=release --with-target-system-zlib=auto --enable-objc-gc=auto --enable-multiarch --disable-werror --with-arch-32=i686 --with-abi=m64 --with-multilib-list=m32,m64,mx32 --enable-multilib --with-tune=generic --enable-offload-targets=nvptx-none=/build/gcc-10-Km9U7s/gcc-10-10.2.1/debian/tmp-nvptx/usr,amdgcn-amdhsa=/build/gcc-10-Km9U7s/gcc-10-10.2.1/debian/tmp-gcn/usr,hsa --without-cuda-driver --enable-checking=release --build=x86_64-linux-gnu --host=x86_64-linux-gnu --target=x86_64-linux-gnu --with-build-config=bootstrap-lto-lean --enable-link-mutex
Thread model: posix
Supported LTO compression algorithms: zlib zstd
gcc version 10.2.1 20210110 (Debian 10.2.1-6) 
... rest of stderr output deleted ...
configure:5264: $? = 0
configure:5253: g++ -V >&5
g++: error: unrecognized command-line option '-V'
g++: fatal error: no input files
compilation terminated.
configure:5264: $? = 1
configure:5253: g++ -qversion >&5
g++: error: unrecognized command-line option '-qversion'; did you mean '--version'?
g++: fatal error: no input files
compilation terminated.
configure:5264: $? = 1
configure:5268: checking whether the compiler supports GNU C++
configure:5288: g++ -c   conftest.cpp >&5
configure:5288: $? = 0
configure:5298: result: yes
configure:5309: checking whether g++ accepts -g
configure:5330: g++ -c -g  conftest.cpp >&5
configure:5330: $? = 0
configure:5374: result: yes
configure:5394: checking for g++ option to enable C++11 features
configure:5409: g++  -c -g -O2  conftest.cpp >&5
configure:5409: $? = 0
configure:5427: result: none needed
configure:5493: checking dependency style of g++
configure:5605: result: gcc3
configure:5629: checking dependency style of gcc
configure:5739: result: gcc3
configure:5802: checking how to print strings
configure:5829: result: printf
configure:5850: checking for a sed that does not truncate output
configure:5920: result: /bin/sed
configure:5938: checking for grep that handles long lines and -e
configure:6002: result: /bin/grep
configure:6007: checking for egrep
configure:6075: result: /bin/grep -E
configure:6080: checking for fgrep
configure:6148: result: /bin/grep -F
configure:6184: checking for ld used by gcc
configure:6252: result: /usr/bin/ld
configure:6259: checking if the linker (/usr/bin/ld) is GNU ld
configure:6275: result: yes
configure:6287: checking for BSD- or MS-compatible name lister (nm)
configure:6342: result: /usr/bin/nm -B
configure:6482: checking the name lister (/usr/bin/nm -B) interface
configure:6490: gcc -c -g -O2  conftest.c >&5
configure:6493: /usr/bin/nm -B "conftest.o"
configure:6496: output
0000000000000000 B some_variable
configure:6503: result: BSD nm
configure:6506: checking whether ln -s works
configure:6510: result: yes
configure:6518: checking the maximum length of command line arguments
configure:6650: result: 1572864
configure:6698: checking how to convert x86_64-pc-linux-gnu file names to x86_64-pc-linux-gnu format
configure:6739: result: func_convert_file_noop
configure:6746: checking how to convert x86_64-pc-linux-gnu file names to toolchain format
configure:6767: result: func_convert_file_noop
configure:6774: checking for /usr/bin/ld option to reload object files
configure:6782: result: -r
configure:6861: checking for file
configure:6882: found /usr/bin/file
configure:6893: result: file
configure:6969: checking for objdump
configure:6990: found /usr/bin/objdump
configure:7001: result: objdump
configure:7033: checking how to recognize dependent libraries
configure:7234: result: pass_all
configure:7324: checking for dlltool
configure:7359: result: no
configure:7389: checking how to associate runtime and link libraries
configure:7417: result: printf %s\n
configure:7483: checking for ar
configure:7504: found /usr/bin/ar
configure:7515: result: ar
configure:7568: checking for archiver @FILE support
configure:7586: gcc -c -g -O2  conftest.c >&5
configure:7586: $? = 0
configure:7590: ar cr libconftest.a @conftest.lst >&5
configure:7593: $? = 0
configure:7598: ar cr libconftest.a @conftest.lst >&5
ar: conftest.o: No such file or directory
configure:7601: $? = 1
configure:7613: result: @
configure:7676: checking for strip
configure:7697: found /usr/bin/strip
configure:7708: result: strip
configure:7785: checking for ranlib
configure:7806: found /usr/bin/ranlib
configure:7817: result: ranlib
configure:7919: checking command to parse /usr/bin/nm -B output from gcc object
configure:8073: gcc -c -g -O2  conftest.c >&5
configure:8076: $? = 0
configure:8080: /usr/bin/nm -B conftest.o | /bin/sed -n -e 's/^.*[	 ]\([ABCDGIRSTW][ABCDGIRSTW]*\)[	 ][	 ]*\([_A-Za-z][_A-Za-z0-9]*\)$/\1 \2 \2/p' | /bin/sed '/ __gnu_lto/d' > conftest.nm
configure:8146: gcc -o conftest -g -O2   conftest.c conftstm.o >&5
configure:8149: $? = 0
configure:8187: result: ok
configure:8234: checking for sysroot
configure:8265: result: no
configure:8272: checking for a working dd
configure:8316: result: /bin/dd
configure:8320: checking how to truncate binary pipes
configure:8336: result: /bin/dd bs=4096 count=1
configure:8473: gcc -c -g -O2  conftest.c >&5
configure:8476: $? = 0
configure:8673: checking for mt
configure:8708: result: no
configure:8728: checking if : is a manifest tool
configure:8735: : '-?'
configure:8743: result: no
configure:9468: checking for stdio.h
configure:9468: gcc -c -g -O2  conftest.c >&5
configure:9468: $? = 0
configure:9468: result: yes
configure:9468: checking for stdlib.h
configure:9468: gcc -c -g -O2  conftest.c >&5
configure:9468: $? = 0
configure:9468: result: yes
configure:9468: checking for string.h
configure:9468: gcc -c -g -O2  conftest.c >&5
configure:9468: $? = 0
configure:9468: result: yes
configure:9468: checking for inttypes.h
configure:9468: gcc -c -g -O2  conftest.c >&5
configure:9468: $? = 0
configure:9468: result: yes
configure:9468: checking for stdint.h
configure:9468: gcc -c -g -O2  conftest.c >&5
configure:9468: $? = 0
configure:9468: result: yes
configure:9468: checking for strings.h
configure:9468: gcc -c -g -O2  conftest.c >&5
configure:9468: $? = 0
configure:9468: result: yes
configure:9468: checking for sys/stat.h
configure:9468: gcc -c -g -O2  conftest.c >&5
configure:9468: $? = 0
configure:9468: result: yes
configure:9468: checking for sys/types.h
configure:9468: gcc -c -g -O2  conftest.c >&5
configure:9468: $? = 0
configure:9468: result: yes
configure:9468: checking for unistd.h
configure:9468: gcc -c -g -O2  conftest.c >&5
configure:9468: $? = 0
configure:9468: result: yes
configure:9493: checking for dlfcn.h
configure:9493: gcc -c -g -O2  conftest.c >&5
configure:9493: $? = 0
configure:9493: result: yes
configure:9762: checking for objdir
configure:9778: result: .libs
configure:10042: checking if gcc supports -fno-rtti -fno-exceptions
configure:10061: gcc -c -g -O2  -fno-rtti -fno-exceptions conftest.c >&5
cc1: warning: command-line option '-fno-rtti' is valid for C++/D/ObjC++ but not for C
configure:10065: $? = 0
configure:10078: result: no
configure:10442: checking for gcc option to produce PIC
configure:10450: result: -fPIC -DPIC
configure:10458: checking if gcc PIC flag -fPIC -DPIC works
configure:10477: gcc -c -g -O2  -fPIC -DPIC -DPIC conftest.c >&5
configure:10481: $? = 0
configure:10494: result: yes
configure:10523: checking if gcc static flag -static works
configure:10552: result: yes
configure:10567: checking if gcc supports -c -o file.o
configure:10589: gcc -c -g -O2  -o out/conftest2.o conftest.c >&5
configure:10593: $? = 0
configure:10615: result: yes
configure:10623: checking if gcc supports -c -o file.o
configure:10671: result: yes
configure:10704: checking whether the gcc linker (/usr/bin/ld -m elf_x86_64) supports shared libraries
configure:11978: result: yes
configure:12015: checking whether -lc should be explicitly linked in
configure:12024: gcc -c -g -O2  conftest.c >&5
configure:12027: $? = 0
configure:12042: gcc -shared  -fPIC -DPIC conftest.o  -v -Wl,-soname -Wl,conftest -o conftest 2\>\&1 \| /bin/grep  -lc  \>/dev/null 2\>\&1
configure:12045: $? = 0
configure:12059: result: no
configure:12219: checking dynamic linker characteristics
configure:12801: gcc -o conftest -g -O2   -Wl,-rpath -Wl,/foo conftest.c  >&5
configure:12801: $? = 0
configure:13052: result: GNU/Linux ld.so
configure:13174: checking how to hardcode library paths into programs
configure:13199: result: immediate
configure:13751: checking whether stripping libraries is possible
configure:13760: result: yes
configure:13802: checking if libtool supports shared libraries
configure:13804: result: yes
configure:13807: checking whether to build shared libraries
configure:13832: result: yes
configure:13835: checking whether to build static libraries
configure:13839: result: no
configure:13862: checking how to run the C++ preprocessor
configure:13884: g++ -E  conftest.cpp
configure:13884: $? = 0
configure:13899: g++ -E  conftest.cpp
conftest.cpp:26:10: fatal error: ac_nonexistent.h: No such file or directory
   26 | #include <ac_nonexistent.h>
      |          ^~~~~~~~~~~~~~~~~~
compilation terminated.
configure:13899: $? = 1
configure: failed program was:
| /* confdefs.h */
| #define PACKAGE_NAME "gc"
| #define PACKAGE_TARNAME "gc"
| #define PACKAGE_VERSION "8.2.2"
| #define PACKAGE_STRING "gc 8.2.2"
| #define PACKAGE_BUGREPORT "https://github.com/ivmai/bdwgc/issues"
| #define PACKAGE_URL ""
| #define GC_VERSION_MAJOR 8
| #define GC_VERSION_MINOR 2
| #define GC_VERSION_MICRO 2
| #define PACKAGE "gc"
| #define VERSION "8.2.2"
| #define HAVE_STDIO_H 1
| #define HAVE_STDLIB_H 1
| #define HAVE_STRING_H 1
| #define HAVE_INTTYPES_H 1
| #define HAVE_STDINT_H 1
| #define HAVE_STRINGS_H 1
| #define HAVE_SYS_STAT_H 1
| #define HAVE_SYS_TYPES_H 1
| #define HAVE_UNISTD_H 1
| #define STDC_HEADERS 1
| #define HAVE_DLFCN_H 1
| #define LT_OBJDIR ".libs/"
| /* end confdefs.h.  */
| #include <ac_nonexistent.h>
configure:13926: result: g++ -E
configure:13940: g++ -E  conftest.cpp
configure:13940: $? = 0
configure:13955: g++ -E  conftest.cpp
conftest.cpp:26:10: fatal error: ac_nonexistent.h: No such file or directory
   26 | #include <ac_nonexistent.h>
      |          ^~~~~~~~~~~~~~~~~~
compilation terminated.
configure:13955: $? = 1
configure: failed program was:
| /* confdefs.h */
| #define PACKAGE_NAME "gc"
| #define PACKAGE_TARNAME "gc"
| #define PACKAGE_VERSION "8.2.2"
| #define PACKAGE_STRING "gc 8.2.2"
| #define PACKAGE_BUGREPORT "https://github.com/ivmai/bdwgc/issues"
| #define PACKAGE_URL ""
| #define GC_VERSION_MAJOR 8
| #define GC_VERSION_MINOR 2
| #define GC_VERSION_MICRO 2
| #define PACKAGE "gc"
| #define VERSION "8.2.2"
| #define HAVE_STDIO_H 1
| #define HAVE_STDLIB_H 1
| #define HAVE_STRING_H 1
| #define HAVE_INTTYPES_H 1
| #define HAVE_STDINT_H 1
| #define HAVE_STRINGS_H 1
| #define HAVE_SYS_STAT_H 1
| #define HAVE_SYS_TYPES_H 1
| #define HAVE_UNISTD_H 1
| #define STDC_HEADERS 1
| #define HAVE_DLFCN_H 1
| #define LT_OBJDIR ".libs/"
| /* end confdefs.h.  */
| #include <ac_nonexistent.h>
configure:14120: checking for ld used by g++
configure:14188: result: /usr/bin/ld -m elf_x86_64
configure:14195: checking if the linker (/usr/bin/ld -m elf_x86_64) is GNU ld
configure:14211: result: yes
configure:14266: checking whether the g++ linker (/usr/bin/ld -m elf_x86_64) supports shared libraries
configure:15344: result: yes
configure:15380: g++ -c -g -O2  conftest.cpp >&5
configure:15383: $? = 0
configure:15864: checking for g++ option to produce PIC
configure:15872: result: -fPIC -DPIC
configure:15880: checking if g++ PIC flag -fPIC -DPIC works
configure:15899: g++ -c -g -O2  -fPIC -DPIC -DPIC conftest.cpp >&5
configure:15903: $? = 0
configure:15916: result: yes
configure:15939: checking if g++ static flag -static works
configure:15968: result: yes
configure:15980: checking if g++ supports -c -o file.o
configure:16002: g++ -c -g -O2  -o out/conftest2.o conftest.cpp >&5
configure:16006: $? = 0
configure:16028: result: yes
configure:16033: checking if g++ supports -c -o file.o
configure:16081: result: yes
configure:16111: checking whether the g++ linker (/usr/bin/ld -m elf_x86_64) supports shared libraries
configure:16154: result: yes
configure:16296: checking dynamic linker characteristics
configure:17056: result: GNU/Linux ld.so
configure:17121: checking how to hardcode library paths into programs
configure:17146: result: immediate
configure:17255: checking for emscripten
configure:17265: gcc -c -g -O2  conftest.c >&5
configure:17265: $? = 0
configure:17286: result: no
configure:17299: checking for thread model used by GCC
configure:17313: result: posix
configure:17381: checking for inline
configure:17398: gcc -c -g -O2   conftest.c >&5
configure:17398: $? = 0
configure:17407: result: inline
configure:17455: WARNING: "Explicit GC_INIT() calls may be required."
configure:17459: checking for pthread_self in -lpthread
configure:17482: gcc -o conftest -g -O2   conftest.c -lpthread   >&5
configure:17482: $? = 0
configure:17492: result: yes
configure:17631: checking for clock_gettime without additional libraries
configure:17644: gcc -o conftest -g -O2   conftest.c  >&5
configure:17644: $? = 0
configure:17646: result: yes
configure:17773: checking whether compiler supports -Wextra
configure:17788: gcc -c -Wextra -g -O2  conftest.c >&5
configure:17788: $? = 0
configure:17796: result: yes
configure:17804: checking whether compiler supports -Wpedantic
configure:17820: gcc -c -Wpedantic -Wno-long-long -g -O2  conftest.c >&5
configure:17820: $? = 0
configure:17828: result: yes
configure:17839: checking for xlc
configure:17856: gcc -c -Wall -Wextra -Wpedantic -Wno-long-long -g -O2  conftest.c >&5
conftest.c: In function 'main':
conftest.c:34:4: error: #error 
   34 |  # error
      |    ^~~~~
configure:17856: $? = 1
configure: failed program was:
| /* confdefs.h */
| #define PACKAGE_NAME "gc"
| #define PACKAGE_TARNAME "gc"
| #define PACKAGE_VERSION "8.2.2"
| #define PACKAGE_STRING "gc 8.2.2"
| #define PACKAGE_BUGREPORT "https://github.com/ivmai/bdwgc/issues"
| #define PACKAGE_URL ""
| #define GC_VERSION_MAJOR 8
| #define GC_VERSION_MINOR 2
| #define GC_VERSION_MICRO 2
| #define PACKAGE "gc"
| #define VERSION "8.2.2"
| #define HAVE_STDIO_H 1
| #define HAVE_STDLIB_H 1
| #define HAVE_STRING_H 1
| #define HAVE_INTTYPES_H 1
| #define HAVE_STDINT_H 1
| #define HAVE_STRINGS_H 1
| #define HAVE_SYS_STAT_H 1
| #define HAVE_SYS_TYPES_H 1
| #define HAVE_UNISTD_H 1
| #define STDC_HEADERS 1
| #define HAVE_DLFCN_H 1
| #define LT_OBJDIR ".libs/"
| #define GC_THREADS 1
| #define _REENTRANT 1
| /* end confdefs.h.  */
| 
| int
| main (void)
| {
| 
|  #ifndef __xlC__
|  # error
|  #endif
| 
|   ;
|   return 0;
| }
configure:17863: result: no
configure:17885: checking whether compiler supports -fno-strict-aliasing
configure:17911: gcc -c -Wall -Wextra -Wpedantic -Wno-long-long -g -O2 -fno-strict-aliasing  conftest.c >&5
configure:17911: $? = 0
configure:17922: result: yes
configure:17927: checking for getcontext
configure:17927: gcc -o conftest -Wall -Wextra -Wpedantic -Wno-long-long -g -O2 -fno-strict-aliasing   conftest.c  >&5
configure:17927: $? = 0
configure:17927: result: yes
configure:17939: checking for dl_iterate_phdr
configure:17939: gcc -o conftest -Wall -Wextra -Wpedantic -Wno-long-long -g -O2 -fno-strict-aliasing   conftest.c  >&5
configure:17939: $? = 0
configure:17939: result: yes
configure:17956: checking for dlopen in -ldl
configure:17979: gcc -o conftest -Wall -Wextra -Wpedantic -Wno-long-long -g -O2 -fno-strict-aliasing   conftest.c -ldl   >&5
configure:17979: $? = 0
configure:17989: result: yes
configure:18016: checking for execinfo.h
configure:18016: gcc -c -Wall -Wextra -Wpedantic -Wno-long-long -g -O2 -fno-strict-aliasing  conftest.c >&5
configure:18016: $? = 0
configure:18016: result: yes
configure:18118: checking whether to build shared libraries
configure:18158: result: yes
configure:18167: checking whether compiler supports -fvisibility
configure:18182: gcc -c -Werror -fvisibility=hidden -Wall -Wextra -Wpedantic -Wno-long-long -g -O2 -fno-strict-aliasing  conftest.c >&5
configure:18182: $? = 0
configure:18196: result: yes
configure:18217: checking which machine-dependent code should be used
configure:18256: result: 
configure:18317: checking whether AIX gcc optimization fix is necessary
configure:18340: result: no
configure:18509: checking whether -Wno-frame-address works
configure:18527: gcc -c -DGC_VISIBILITY_HIDDEN_SET -fvisibility=hidden -Wall -Wextra -Wpedantic -Wno-long-long -g -O2 -fno-strict-aliasing -Werror -Wno-frame-address   conftest.c >&5
configure:18527: $? = 0
configure:18533: result: yes
configure:18540: checking for dladdr
configure:18561: gcc -c -DGC_VISIBILITY_HIDDEN_SET -fvisibility=hidden -Wall -Wextra -Wpedantic -Wno-long-long -g -O2 -fno-strict-aliasing -Wno-frame-address   conftest.c >&5
configure:18561: $? = 0
configure:18567: result: yes
configure:18576: checking for sigsetjmp
configure:18591: gcc -o conftest -DGC_VISIBILITY_HIDDEN_SET -fvisibility=hidden -Wall -Wextra -Wpedantic -Wno-long-long -g -O2 -fno-strict-aliasing -Wno-frame-address    conftest.c  >&5
configure:18591: $? = 0
configure:18593: result: yes
configure:18609: checking for pthread_setname_np
configure:18624: gcc -c -DGC_VISIBILITY_HIDDEN_SET -fvisibility=hidden -Wall -Wextra -Wpedantic -Wno-long-long -g -O2 -fno-strict-aliasing -Wno-frame-address  -Werror  conftest.c >&5
conftest.c: In function 'main':
conftest.c:39:1: error: implicit declaration of function 'pthread_setname_np'; did you mean 'pthread_setcanceltype'? [-Werror=implicit-function-declaration]
   39 | pthread_setname_np("thread-name")
      | ^~~~~~~~~~~~~~~~~~
      | pthread_setcanceltype
cc1: all warnings being treated as errors
configure:18624: $? = 1
configure: failed program was:
| /* confdefs.h */
| #define PACKAGE_NAME "gc"
| #define PACKAGE_TARNAME "gc"
| #define PACKAGE_VERSION "8.2.2"
| #define PACKAGE_STRING "gc 8.2.2"
| #define PACKAGE_BUGREPORT "https://github.com/ivmai/bdwgc/issues"
| #define PACKAGE_URL ""
| #define GC_VERSION_MAJOR 8
| #define GC_VERSION_MINOR 2
| #define GC_VERSION_MICRO 2
| #define PACKAGE "gc"
| #define VERSION "8.2.2"
| #define HAVE_STDIO_H 1
| #define HAVE_STDLIB_H 1
| #define HAVE_STRING_H 1
| #define HAVE_INTTYPES_H 1
| #define HAVE_STDINT_H 1
| #define HAVE_STRINGS_H 1
| #define HAVE_SYS_STAT_H 1
| #define HAVE_SYS_TYPES_H 1
| #define HAVE_UNISTD_H 1
| #define STDC_HEADERS 1
| #define HAVE_DLFCN_H 1
| #define LT_OBJDIR ".libs/"
| #define GC_THREADS 1
| #define _REENTRANT 1
| #define HAVE_DL_ITERATE_PHDR 1
| #define GC_DLL 1
| #define NO_EXECUTE_PERMISSION 1
| #define ALL_INTERIOR_POINTERS 1
| #define GC_GCJ_SUPPORT 1
| #define GC_ENABLE_SUSPEND_THREAD 1
| #define HAVE_DLADDR 1
| /* end confdefs.h.  */
| #include <pthread.h>
| int
| main (void)
| {
| pthread_setname_np("thread-name")
|   ;
|   return 0;
| }
configure:18643: gcc -c -DGC_VISIBILITY_HIDDEN_SET -fvisibility=hidden -Wall -Wextra -Wpedantic -Wno-long-long -g -O2 -fno-strict-aliasing -Wno-frame-address  -Werror  conftest.c >&5
conftest.c: In function 'main':
conftest.c:39:1: error: implicit declaration of function 'pthread_setname_np'; did you mean 'pthread_setcanceltype'? [-Werror=implicit-function-declaration]
   39 | pthread_setname_np(pthread_self(), "thread-name-%u", 0)
      | ^~~~~~~~~~~~~~~~~~
      | pthread_setcanceltype
cc1: all warnings being treated as errors
configure:18643: $? = 1
configure: failed program was:
| /* confdefs.h */
| #define PACKAGE_NAME "gc"
| #define PACKAGE_TARNAME "gc"
| #define PACKAGE_VERSION "8.2.2"
| #define PACKAGE_STRING "gc 8.2.2"
| #define PACKAGE_BUGREPORT "https://github.com/ivmai/bdwgc/issues"
| #define PACKAGE_URL ""
| #define GC_VERSION_MAJOR 8
| #define GC_VERSION_MINOR 2
| #define GC_VERSION_MICRO 2
| #define PACKAGE "gc"
| #define VERSION "8.2.2"
| #define HAVE_STDIO_H 1
| #define HAVE_STDLIB_H 1
| #define HAVE_STRING_H 1
| #define HAVE_INTTYPES_H 1
| #define HAVE_STDINT_H 1
| #define HAVE_STRINGS_H 1
| #define HAVE_SYS_STAT_H 1
| #define HAVE_SYS_TYPES_H 1
| #define HAVE_UNISTD_H 1
| #define STDC_HEADERS 1
| #define HAVE_DLFCN_H 1
| #define LT_OBJDIR ".libs/"
| #define GC_THREADS 1
| #define _REENTRANT 1
| #define HAVE_DL_ITERATE_PHDR 1
| #define GC_DLL 1
| #define NO_EXECUTE_PERMISSION 1
| #define ALL_INTERIOR_POINTERS 1
| #define GC_GCJ_SUPPORT 1
| #define GC_ENABLE_SUSPEND_THREAD 1
| #define HAVE_DLADDR 1
| /* end confdefs.h.  */
| #include <pthread.h>
| int
| main (void)
| {
| pthread_setname_np(pthread_self(), "thread-name-%u", 0)
|   ;
|   return 0;
| }
configure:18668: gcc -c -DGC_VISIBILITY_HIDDEN_SET -fvisibility=hidden -Wall -Wextra -Wpedantic -Wno-long-long -g -O2 -fno-strict-aliasing -Wno-frame-address  -Werror  conftest.c >&5
configure:18668: $? = 0
configure:18670: result: yes (with tid)
configure:18689: checking for sys/dg_sys_info.h
configure:18689: gcc -c -DGC_VISIBILITY_HIDDEN_SET -fvisibility=hidden -Wall -Wextra -Wpedantic -Wno-long-long -g -O2 -fno-strict-aliasing -Wno-frame-address  conftest.c >&5
conftest.c:64:10: fatal error: sys/dg_sys_info.h: No such file or directory
   64 | #include <sys/dg_sys_info.h>
      |          ^~~~~~~~~~~~~~~~~~~
compilation terminated.
configure:18689: $? = 1
configure: failed program was:
| /* confdefs.h */
| #define PACKAGE_NAME "gc"
| #define PACKAGE_TARNAME "gc"
| #define PACKAGE_VERSION "8.2.2"
| #define PACKAGE_STRING "gc 8.2.2"
| #define PACKAGE_BUGREPORT "https://github.com/ivmai/bdwgc/issues"
| #define PACKAGE_URL ""
| #define GC_VERSION_MAJOR 8
| #define GC_VERSION_MINOR 2
| #define GC_VERSION_MICRO 2
| #define PACKAGE "gc"
| #define VERSION "8.2.2"
| #define HAVE_STDIO_H 1
| #define HAVE_STDLIB_H 1
| #define HAVE_STRING_H 1
| #define HAVE_INTTYPES_H 1
| #define HAVE_STDINT_H 1
| #define HAVE_STRINGS_H 1
| #define HAVE_SYS_STAT_H 1
| #define HAVE_SYS_TYPES_H 1
| #define HAVE_UNISTD_H 1
| #define STDC_HEADERS 1
| #define HAVE_DLFCN_H 1
| #define LT_OBJDIR ".libs/"
| #define GC_THREADS 1
| #define _REENTRANT 1
| #define HAVE_DL_ITERATE_PHDR 1
| #define GC_DLL 1
| #define NO_EXECUTE_PERMISSION 1
| #define ALL_INTERIOR_POINTERS 1
| #define GC_GCJ_SUPPORT 1
| #define GC_ENABLE_SUSPEND_THREAD 1
| #define HAVE_DLADDR 1
| #define HAVE_PTHREAD_SETNAME_NP_WITH_TID 1
| /* end confdefs.h.  */
| #include <stddef.h>
| #ifdef HAVE_STDIO_H
| # include <stdio.h>
| #endif
| #ifdef HAVE_STDLIB_H
| # include <stdlib.h>
| #endif
| #ifdef HAVE_STRING_H
| # include <string.h>
| #endif
| #ifdef HAVE_INTTYPES_H
| # include <inttypes.h>
| #endif
| #ifdef HAVE_STDINT_H
| # include <stdint.h>
| #endif
| #ifdef HAVE_STRINGS_H
| # include <strings.h>
| #endif
| #ifdef HAVE_SYS_TYPES_H
| # include <sys/types.h>
| #endif
| #ifdef HAVE_SYS_STAT_H
| # include <sys/stat.h>
| #endif
| #ifdef HAVE_UNISTD_H
| # include <unistd.h>
| #endif
| #include <sys/dg_sys_info.h>
configure:18689: result: no
configure:19014: checking for compiler intrinsics support
configure:19028: gcc -o conftest -DGC_VISIBILITY_HIDDEN_SET -fvisibility=hidden -Wall -Wextra -Wpedantic -Wno-long-long -g -O2 -fno-strict-aliasing -Wno-frame-address  -DGC_BUILTIN_ATOMIC -I./include -I./tests   conftest.c  >&5
configure:19028: $? = 0
configure:19028: ./conftest
configure:19028: $? = 0
configure:19030: result: yes
configure:19083: checking which libatomic_ops to use
configure:19096: result: none
configure:19386: checking that generated files are newer than configure
configure:19392: result: done
configure:19515: creating ./config.status

## ---------------------- ##
## Running config.status. ##
## ---------------------- ##

This file was extended by gc config.status 8.2.2, which was
generated by GNU Autoconf 2.71.  Invocation command line was

  CONFIG_FILES    = 
  CONFIG_HEADERS  = 
  CONFIG_LINKS    = 
  CONFIG_COMMANDS = 
  $ ./config.status 

on 29708c28ab45

config.status:1248: creating Makefile
config.status:1248: creating bdw-gc.pc
config.status:1248: creating include/config.h
config.status:1429: include/config.h is unchanged
config.status:1477: executing depfiles commands
config.status:1554: cd .       && sed -e '/# am--include-marker/d' Makefile         | make -f - am--depfiles
make: Nothing to be done for 'am--depfiles'.
config.status:1559: $? = 0
config.status:1477: executing libtool commands
config.status:1477: executing default commands

## ---------------- ##
## Cache variables. ##
## ---------------- ##

ac_cv_build=x86_64-pc-linux-gnu
ac_cv_c_compiler_gnu=yes
ac_cv_c_inline=inline
ac_cv_cc_pedantic=yes
ac_cv_cc_wextra=yes
ac_cv_cxx_compiler_gnu=yes
ac_cv_env_CCASFLAGS_set=
ac_cv_env_CCASFLAGS_value=
ac_cv_env_CCAS_set=
ac_cv_env_CCAS_value=
ac_cv_env_CCC_set=
ac_cv_env_CCC_value=
ac_cv_env_CC_set=
ac_cv_env_CC_value=
ac_cv_env_CFLAGS_set=
ac_cv_env_CFLAGS_value=
ac_cv_env_CPPFLAGS_set=
ac_cv_env_CPPFLAGS_value=
ac_cv_env_CXXCPP_set=
ac_cv_env_CXXCPP_value=
ac_cv_env_CXXFLAGS_set=
ac_cv_env_CXXFLAGS_value=
ac_cv_env_CXX_set=
ac_cv_env_CXX_value=
ac_cv_env_LDFLAGS_set=
ac_cv_env_LDFLAGS_value=
ac_cv_env_LIBS_set=
ac_cv_env_LIBS_value=
ac_cv_env_LT_SYS_LIBRARY_PATH_set=
ac_cv_env_LT_SYS_LIBRARY_PATH_value=
ac_cv_env_build_alias_set=
ac_cv_env_build_alias_value=
ac_cv_env_host_alias_set=
ac_cv_env_host_alias_value=
ac_cv_env_target_alias_set=
ac_cv_env_target_alias_value=
ac_cv_fno_strict_aliasing=yes
ac_cv_func_dl_iterate_phdr=yes
ac_cv_func_getcontext=yes
ac_cv_fvisibility_hidden=yes
ac_cv_header_dlfcn_h=yes
ac_cv_header_execinfo_h=yes
ac_cv_header_inttypes_h=yes
ac_cv_header_stdint_h=yes
ac_cv_header_stdio_h=yes
ac_cv_header_stdlib_h=yes
ac_cv_header_string_h=yes
ac_cv_header_strings_h=yes
ac_cv_header_sys_dg_sys_info_h=no
ac_cv_header_sys_stat_h=yes
ac_cv_header_sys_types_h=yes
ac_cv_header_unistd_h=yes
ac_cv_host=x86_64-pc-linux-gnu
ac_cv_lib_dl_dlopen=yes
ac_cv_lib_pthread_pthread_self=yes
ac_cv_objext=o
ac_cv_path_EGREP='/bin/grep -E'
ac_cv_path_FGREP='/bin/grep -F'
ac_cv_path_GREP=/bin/grep
ac_cv_path_SED=/bin/sed
ac_cv_path_install='/usr/bin/install -c'
ac_cv_path_lt_DD=/bin/dd
ac_cv_path_mkdir=/bin/mkdir
ac_cv_prog_AWK=mawk
ac_cv_prog_CXXCPP='g++ -E'
ac_cv_prog_ac_ct_AR=ar
ac_cv_prog_ac_ct_CC=gcc
ac_cv_prog_ac_ct_CXX=g++
ac_cv_prog_ac_ct_FILECMD=file
ac_cv_prog_ac_ct_OBJDUMP=objdump
ac_cv_prog_ac_ct_RANLIB=ranlib
ac_cv_prog_ac_ct_STRIP=strip
ac_cv_prog_cc_c11=
ac_cv_prog_cc_g=yes
ac_cv_prog_cc_stdc=
ac_cv_prog_cxx_cxx11=
ac_cv_prog_cxx_g=yes
ac_cv_prog_cxx_stdcxx=
ac_cv_prog_make_make_set=yes
ac_cv_target=x86_64-pc-linux-gnu
am_cv_CCAS_dependencies_compiler_type=gcc3
am_cv_CC_dependencies_compiler_type=gcc3
am_cv_CXX_dependencies_compiler_type=gcc3
am_cv_make_support_nested_variables=yes
am_cv_prog_cc_c_o=yes
lt_cv_ar_at_file=@
lt_cv_archive_cmds_need_lc=no
lt_cv_deplibs_check_method=pass_all
lt_cv_file_magic_cmd='$MAGIC_CMD'
lt_cv_file_magic_test_file=
lt_cv_ld_reload_flag=-r
lt_cv_nm_interface='BSD nm'
lt_cv_objdir=.libs
lt_cv_path_LD=/usr/bin/ld
lt_cv_path_LDCXX='/usr/bin/ld -m elf_x86_64'
lt_cv_path_NM='/usr/bin/nm -B'
lt_cv_path_mainfest_tool=no
lt_cv_prog_compiler_c_o=yes
lt_cv_prog_compiler_c_o_CXX=yes
lt_cv_prog_compiler_pic='-fPIC -DPIC'
lt_cv_prog_compiler_pic_CXX='-fPIC -DPIC'
lt_cv_prog_compiler_pic_works=yes
lt_cv_prog_compiler_pic_works_CXX=yes
lt_cv_prog_compiler_rtti_exceptions=no
lt_cv_prog_compiler_static_works=yes
lt_cv_prog_compiler_static_works_CXX=yes
lt_cv_prog_gnu_ld=yes
lt_cv_prog_gnu_ldcxx=yes
lt_cv_sharedlib_from_linklib_cmd='printf %s\n'
lt_cv_shlibpath_overrides_runpath=yes
lt_cv_sys_global_symbol_pipe='/bin/sed -n -e '\''s/^.*[	 ]\([ABCDGIRSTW][ABCDGIRSTW]*\)[	 ][	 ]*\([_A-Za-z][_A-Za-z0-9]*\)$/\1 \2 \2/p'\'' | /bin/sed '\''/ __gnu_lto/d'\'''
lt_cv_sys_global_symbol_to_c_name_address='/bin/sed -n -e '\''s/^: \(.*\) .*$/  {"\1", (void *) 0},/p'\'' -e '\''s/^[ABCDGIRSTW][ABCDGIRSTW]* .* \(.*\)$/  {"\1", (void *) \&\1},/p'\'''
lt_cv_sys_global_symbol_to_c_name_address_lib_prefix='/bin/sed -n -e '\''s/^: \(.*\) .*$/  {"\1", (void *) 0},/p'\'' -e '\''s/^[ABCDGIRSTW][ABCDGIRSTW]* .* \(lib.*\)$/  {"\1", (void *) \&\1},/p'\'' -e '\''s/^[ABCDGIRSTW][ABCDGIRSTW]* .* \(.*\)$/  {"lib\1", (void *) \&\1},/p'\'''
lt_cv_sys_global_symbol_to_cdecl='/bin/sed -n -e '\''s/^T .* \(.*\)$/extern int \1();/p'\'' -e '\''s/^[ABCDGIRSTW][ABCDGIRSTW]* .* \(.*\)$/extern char \1;/p'\'''
lt_cv_sys_global_symbol_to_import=
lt_cv_sys_max_cmd_len=1572864
lt_cv_to_host_file_cmd=func_convert_file_noop
lt_cv_to_tool_file_cmd=func_convert_file_noop
lt_cv_truncate_bin='/bin/dd bs=4096 count=1'

## ----------------- ##
## Output variables. ##
## ----------------- ##

ACLOCAL='${SHELL} '\''/home/funkytaiga/tools/gc-8.2.2/missing'\'' aclocal-1.16'
AMDEPBACKSLASH='\'
AMDEP_FALSE='#'
AMDEP_TRUE=''
AMTAR='$${TAR-tar}'
AM_BACKSLASH='\'
AM_CFLAGS=''
AM_CPPFLAGS=''
AM_DEFAULT_V='$(AM_DEFAULT_VERBOSITY)'
AM_DEFAULT_VERBOSITY='1'
AM_V='$(V)'
AR='ar'
ASM_WITH_CPP_UNSUPPORTED_FALSE=''
ASM_WITH_CPP_UNSUPPORTED_TRUE='#'
ATOMIC_OPS_CFLAGS=''
ATOMIC_OPS_LIBS=''
AUTOCONF='${SHELL} '\''/home/funkytaiga/tools/gc-8.2.2/missing'\'' autoconf'
AUTOHEADER='${SHELL} '\''/home/funkytaiga/tools/gc-8.2.2/missing'\'' autoheader'
AUTOMAKE='${SHELL} '\''/home/funkytaiga/tools/gc-8.2.2/missing'\'' automake-1.16'
AVOID_CPP_LIB_FALSE=''
AVOID_CPP_LIB_TRUE='#'
AWK='mawk'
CC='gcc'
CCAS='gcc'
CCASDEPMODE='depmode=gcc3'
CCASFLAGS='-g -O2'
CCDEPMODE='depmode=gcc3'
CFLAGS='-DGC_VISIBILITY_HIDDEN_SET -fvisibility=hidden -Wall -Wextra -Wpedantic -Wno-long-long -g -O2 -fno-strict-aliasing -Wno-frame-address'
CFLAGS_EXTRA=''
CHECKSUMS_FALSE=''
CHECKSUMS_TRUE='#'
CPLUSPLUS_FALSE=''
CPLUSPLUS_TRUE='#'
CPPFLAGS=''
CSCOPE='cscope'
CTAGS='ctags'
CXX='g++'
CXXCPP='g++ -E'
CXXDEPMODE='depmode=gcc3'
CXXFLAGS='-Wall -Wextra -Wpedantic -Wno-long-long -g -O2'
CXXLIBS=''
CYGPATH_W='echo'
DARWIN_THREADS_FALSE=''
DARWIN_THREADS_TRUE='#'
DEFS='-DHAVE_CONFIG_H'
DEPDIR='.deps'
DLLTOOL='false'
DSYMUTIL=''
DUMPBIN=''
ECHO_C=''
ECHO_N='-n'
ECHO_T=''
EGREP='/bin/grep -E'
EMSCRIPTEN_FALSE=''
EMSCRIPTEN_TRUE='#'
ENABLE_DISCLAIM_FALSE='#'
ENABLE_DISCLAIM_TRUE=''
ENABLE_DOCS_FALSE='#'
ENABLE_DOCS_TRUE=''
ENABLE_GCJ_SUPPORT_FALSE='#'
ENABLE_GCJ_SUPPORT_TRUE=''
ENABLE_SHARED_FALSE='#'
ENABLE_SHARED_TRUE=''
ETAGS='etags'
EXEEXT=''
EXTRA_TEST_LIBS=''
FGREP='/bin/grep -F'
FILECMD='file'
GC_CFLAGS=' -fexceptions'
GC_TBA_LIBRARY_FALSE=''
GC_TBA_LIBRARY_TRUE='#'
GC_VERSION=''
GREP='/bin/grep'
INSTALL_DATA='${INSTALL} -m 644'
INSTALL_PROGRAM='${INSTALL}'
INSTALL_SCRIPT='${INSTALL}'
INSTALL_STRIP_PROGRAM='$(install_sh) -c -s'
KEEP_BACK_PTRS_FALSE=''
KEEP_BACK_PTRS_TRUE='#'
LD='/usr/bin/ld -m elf_x86_64'
LDFLAGS=''
LIBOBJS=''
LIBS=''
LIBTOOL='$(SHELL) $(top_builddir)/libtool'
LIPO=''
LN_S='ln -s'
LTLIBOBJS=''
LT_SYS_LIBRARY_PATH=''
MAINT='#'
MAINTAINER_MODE_FALSE=''
MAINTAINER_MODE_TRUE='#'
MAKEINFO='${SHELL} '\''/home/funkytaiga/tools/gc-8.2.2/missing'\'' makeinfo'
MAKE_BACK_GRAPH_FALSE=''
MAKE_BACK_GRAPH_TRUE='#'
MANIFEST_TOOL=':'
MKDIR_P='/bin/mkdir -p'
NEED_ATOMIC_OPS_ASM_FALSE=''
NEED_ATOMIC_OPS_ASM_TRUE='#'
NM='/usr/bin/nm -B'
NMEDIT=''
OBJDUMP='objdump'
OBJEXT='o'
OTOOL64=''
OTOOL=''
PACKAGE='gc'
PACKAGE_BUGREPORT='https://github.com/ivmai/bdwgc/issues'
PACKAGE_NAME='gc'
PACKAGE_STRING='gc 8.2.2'
PACKAGE_TARNAME='gc'
PACKAGE_URL=''
PACKAGE_VERSION='8.2.2'
PATH_SEPARATOR=':'
PTHREADS_FALSE='#'
PTHREADS_TRUE=''
PTHREAD_START_STANDALONE_FALSE='#'
PTHREAD_START_STANDALONE_TRUE=''
RANLIB='ranlib'
SED='/bin/sed'
SET_MAKE=''
SHELL='/bin/bash'
SINGLE_GC_OBJ_FALSE='#'
SINGLE_GC_OBJ_TRUE=''
STRIP='strip'
THREADDLLIBS='-lpthread -ldl'
THREADS_FALSE='#'
THREADS_TRUE=''
THREAD_LOCAL_ALLOC_FALSE='#'
THREAD_LOCAL_ALLOC_TRUE=''
UNWINDLIBS=''
USE_INTERNAL_LIBATOMIC_OPS_FALSE=''
USE_INTERNAL_LIBATOMIC_OPS_TRUE='#'
USE_LIBDIR_FALSE='#'
USE_LIBDIR_TRUE=''
VERSION='8.2.2'
WERROR_CFLAGS=''
WIN32_THREADS_FALSE=''
WIN32_THREADS_TRUE='#'
ac_ct_AR='ar'
ac_ct_CC='gcc'
ac_ct_CXX='g++'
ac_ct_DUMPBIN=''
addlibs=''
addobjs=' '
am__EXEEXT_FALSE=''
am__EXEEXT_TRUE='#'
am__fastdepCCAS_FALSE='#'
am__fastdepCCAS_TRUE=''
am__fastdepCC_FALSE='#'
am__fastdepCC_TRUE=''
am__fastdepCXX_FALSE='#'
am__fastdepCXX_TRUE=''
am__include='include'
am__isrc=''
am__leading_dot='.'
am__nodep='_no'
am__quote=''
am__tar='$${TAR-tar} chof - "$$tardir"'
am__untar='$${TAR-tar} xf -'
bindir='${exec_prefix}/bin'
build='x86_64-pc-linux-gnu'
build_alias=''
build_cpu='x86_64'
build_os='linux-gnu'
build_vendor='pc'
datadir='${datarootdir}'
datarootdir='${prefix}/share'
docdir='${datarootdir}/doc/${PACKAGE_TARNAME}'
dvidir='${docdir}'
exec_prefix='${prefix}'
extra_ldflags_libgc=''
host='x86_64-pc-linux-gnu'
host_alias=''
host_cpu='x86_64'
host_os='linux-gnu'
host_vendor='pc'
htmldir='${docdir}'
includedir='${prefix}/include'
infodir='${datarootdir}/info'
install_sh='${SHELL} /home/funkytaiga/tools/gc-8.2.2/install-sh'
libdir='${exec_prefix}/lib'
libexecdir='${exec_prefix}/libexec'
localedir='${datarootdir}/locale'
localstatedir='${prefix}/var'
mandir='${datarootdir}/man'
mkdir_p='$(MKDIR_P)'
oldincludedir='/usr/include'
pdfdir='${docdir}'
prefix='/usr/local'
program_transform_name='s,x,x,'
psdir='${docdir}'
runstatedir='${localstatedir}/run'
sbindir='${exec_prefix}/sbin'
sharedstatedir='${prefix}/com'
subdirs=''
sysconfdir='${prefix}/etc'
target='x86_64-pc-linux-gnu'
target_alias=''
target_all='libgc.la'
target_cpu='x86_64'
target_os='linux-gnu'
target_vendor='pc'

## ----------- ##
## confdefs.h. ##
## ----------- ##

/* confdefs.h */
#define PACKAGE_NAME "gc"
#define PACKAGE_TARNAME "gc"
#define PACKAGE_VERSION "8.2.2"
#define PACKAGE_STRING "gc 8.2.2"
#define PACKAGE_BUGREPORT "https://github.com/ivmai/bdwgc/issues"
#define PACKAGE_URL ""
#define GC_VERSION_MAJOR 8
#define GC_VERSION_MINOR 2
#define GC_VERSION_MICRO 2
#define PACKAGE "gc"
#define VERSION "8.2.2"
#define HAVE_STDIO_H 1
#define HAVE_STDLIB_H 1
#define HAVE_STRING_H 1
#define HAVE_INTTYPES_H 1
#define HAVE_STDINT_H 1
#define HAVE_STRINGS_H 1
#define HAVE_SYS_STAT_H 1
#define HAVE_SYS_TYPES_H 1
#define HAVE_UNISTD_H 1
#define STDC_HEADERS 1
#define HAVE_DLFCN_H 1
#define LT_OBJDIR ".libs/"
#define GC_THREADS 1
#define _REENTRANT 1
#define HAVE_DL_ITERATE_PHDR 1
#define GC_DLL 1
#define NO_EXECUTE_PERMISSION 1
#define ALL_INTERIOR_POINTERS 1
#define GC_GCJ_SUPPORT 1
#define GC_ENABLE_SUSPEND_THREAD 1
#define HAVE_DLADDR 1
#define HAVE_PTHREAD_SETNAME_NP_WITH_TID 1
#define JAVA_FINALIZATION 1
#define GC_ATOMIC_UNCOLLECTABLE 1
#define ENABLE_DISCLAIM 1
#define USE_MMAP 1
#define USE_MUNMAP 1
#define MUNMAP_THRESHOLD 6
#define GC_BUILTIN_ATOMIC 1
#define PARALLEL_MARK 1
#define THREAD_LOCAL_ALLOC 1
#define HANDLE_FORK 1

configure: exit 0
